<?xml version="1.0" encoding="UTF-8"?>
<!-- Generated by org.testng.reporters.JUnitReportReporter -->
<testsuite skipped="0" hostname="del1-lhp-n02293" name="com.inetbanking.testcases.TC_AddCustomerTest_003" tests="1" failures="0" timestamp="2021-10-19T22:14:17 IST" time="16.564" errors="0">
  <testcase name="addNewCustomer" time="16.564" classname="com.inetbanking.testcases.TC_AddCustomerTest_003"/>
  <system-out/>
</testsuite> <!-- com.inetbanking.testcases.TC_AddCustomerTest_003 -->
